#
# There is insufficient memory for the Java Runtime Environment to continue.
# Native memory allocation (malloc) failed to allocate 860656 bytes for Chunk::new
# Possible reasons:
#   The system is out of physical RAM or swap space
#   In 32 bit mode, the process size limit was hit
# Possible solutions:
#   Reduce memory load on the system
#   Increase physical memory or swap space
#   Check if swap backing store is full
#   Use 64 bit Java on a 64 bit OS
#   Decrease Java heap size (-Xmx/-Xms)
#   Decrease number of Java threads
#   Decrease Java thread stack sizes (-Xss)
#   Set larger code cache with -XX:ReservedCodeCacheSize=
# This output file may be truncated or incomplete.
#
#  Out of Memory Error (allocation.cpp:328), pid=11200, tid=9736
#
# JRE version: 7.0_21-b11
# Java VM: Java HotSpot(TM) 64-Bit Server VM (23.21-b01 mixed mode windows-amd64 compressed oops)
# Failed to write core dump. Minidumps are not enabled by default on client versions of Windows
#

---------------  T H R E A D  ---------------

Current thread (0x000000000928e800):  JavaThread "C2 CompilerThread0" daemon [_thread_in_native, id=9736, stack(0x000000000aa00000,0x000000000ab00000)]

Stack: [0x000000000aa00000,0x000000000ab00000]

Current CompileTask:
C2:   3388  389   !         com.android.dx.cf.code.RopperMachine::run (1550 bytes)


---------------  P R O C E S S  ---------------

Java Threads: ( => current thread )
  0x000000000b103000 JavaThread "pool-1-thread-4" [_thread_blocked, id=11124, stack(0x000000000bbe0000,0x000000000bce0000)]
  0x000000000b18e000 JavaThread "pool-1-thread-3" [_thread_blocked, id=2240, stack(0x000000000b960000,0x000000000ba60000)]
  0x000000000b179000 JavaThread "pool-1-thread-2" [_thread_blocked, id=7968, stack(0x000000000ac20000,0x000000000ad20000)]
  0x000000000b176000 JavaThread "pool-2-thread-1" [_thread_blocked, id=13176, stack(0x000000000b7b0000,0x000000000b8b0000)]
  0x000000000b1b9000 JavaThread "pool-1-thread-1" [_thread_blocked, id=6960, stack(0x000000000b640000,0x000000000b740000)]
  0x0000000009294800 JavaThread "Service Thread" daemon [_thread_blocked, id=2324, stack(0x000000000ad30000,0x000000000ae30000)]
  0x0000000009294000 JavaThread "C2 CompilerThread1" daemon [_thread_in_native, id=3584, stack(0x000000000ab20000,0x000000000ac20000)]
=>0x000000000928e800 JavaThread "C2 CompilerThread0" daemon [_thread_in_native, id=9736, stack(0x000000000aa00000,0x000000000ab00000)]
  0x000000000928d800 JavaThread "Attach Listener" daemon [_thread_blocked, id=7808, stack(0x000000000a890000,0x000000000a990000)]
  0x0000000009286000 JavaThread "Signal Dispatcher" daemon [_thread_blocked, id=9368, stack(0x000000000a5b0000,0x000000000a6b0000)]
  0x00000000028d6800 JavaThread "Finalizer" daemon [_thread_blocked, id=10784, stack(0x000000000a6c0000,0x000000000a7c0000)]
  0x00000000091e3800 JavaThread "Reference Handler" daemon [_thread_blocked, id=11292, stack(0x000000000a3d0000,0x000000000a4d0000)]
  0x000000000016d000 JavaThread "main" [_thread_blocked, id=10684, stack(0x0000000002b40000,0x0000000002c40000)]

Other Threads:
  0x00000000091e2800 VMThread [stack: 0x000000000a240000,0x000000000a340000] [id=10356]
  0x00000000092a6800 WatcherThread [stack: 0x000000000aec0000,0x000000000afc0000] [id=5764]

VM state:not at safepoint (normal execution)

VM Mutex/Monitor currently owned by a thread: None

Heap
 PSYoungGen      total 69184K, used 10129K [0x00000000eaab0000, 0x00000000ef370000, 0x0000000100000000)
  eden space 63872K, 7% used [0x00000000eaab0000,0x00000000eaf66708,0x00000000ee910000)
  from space 5312K, 99% used [0x00000000eee40000,0x00000000ef36dda0,0x00000000ef370000)
  to   space 5312K, 0% used [0x00000000ee910000,0x00000000ee910000,0x00000000eee40000)
 ParOldGen       total 85248K, used 5363K [0x00000000c0000000, 0x00000000c5340000, 0x00000000eaab0000)
  object space 85248K, 6% used [0x00000000c0000000,0x00000000c053ced0,0x00000000c5340000)
 PSPermGen       total 21248K, used 5967K [0x00000000bae00000, 0x00000000bc2c0000, 0x00000000c0000000)
  object space 21248K, 28% used [0x00000000bae00000,0x00000000bb3d3d98,0x00000000bc2c0000)

Card table byte_map: [0x0000000005c40000,0x0000000005e70000] byte_map_base: 0x0000000005669000

Polling page: 0x0000000000140000

Code Cache  [0x0000000002c40000, 0x0000000002eb0000, 0x0000000005c40000)
 total_blobs=636 nmethods=399 adapters=188 free_code_cache=47594Kb largest_free_block=48705984

Compilation events (10 events):
Event: 3.379 Thread 0x0000000009294000 nmethod 395 0x0000000002dbe550 code [0x0000000002dbe6a0, 0x0000000002dbe7b8]
Event: 3.379 Thread 0x0000000009294000  396             com.android.dx.ssa.back.LivenessAnalyzer::<init> (55 bytes)
Event: 3.382 Thread 0x0000000009294000 nmethod 396 0x0000000002dbf750 code [0x0000000002dbf8c0, 0x0000000002dbfc58]
Event: 3.382 Thread 0x0000000009294000  397             com.android.dx.ssa.SsaConverter::edgeSplitMoveExceptionsAndResults (157 bytes)
Event: 3.387 Thread 0x0000000009294000 nmethod 397 0x0000000002dcbbd0 code [0x0000000002dcbdc0, 0x0000000002dcc360]
Event: 3.388 Thread 0x0000000009294000  398             com.android.dx.cf.code.BasicBlocker::setPreviousOffset (6 bytes)
Event: 3.388 Thread 0x0000000009294000 nmethod 398 0x0000000002dc3d90 code [0x0000000002dc3ec0, 0x0000000002dc3f18]
Event: 3.388 Thread 0x0000000009294000  399             com.android.dx.cf.code.BaseMachine::resultCount (22 bytes)
Event: 3.388 Thread 0x0000000009294000 nmethod 399 0x0000000002dc4890 code [0x0000000002dc49c0, 0x0000000002dc4a18]
Event: 3.388 Thread 0x0000000009294000  400             com.android.dx.ssa.SsaConverter::edgeSplitPredecessors (44 bytes)

GC Heap History (4 events):
Event: 2.150 GC heap before
{Heap before GC invocations=1 (full 0):
 PSYoungGen      total 37248K, used 31936K [0x00000000eaab0000, 0x00000000ed440000, 0x0000000100000000)
  eden space 31936K, 100% used [0x00000000eaab0000,0x00000000ec9e0000,0x00000000ec9e0000)
  from space 5312K, 0% used [0x00000000ecf10000,0x00000000ecf10000,0x00000000ed440000)
  to   space 5312K, 0% used [0x00000000ec9e0000,0x00000000ec9e0000,0x00000000ecf10000)
 ParOldGen       total 85248K, used 0K [0x00000000c0000000, 0x00000000c5340000, 0x00000000eaab0000)
  object space 85248K, 0% used [0x00000000c0000000,0x00000000c0000000,0x00000000c5340000)
 PSPermGen       total 21248K, used 5891K [0x00000000bae00000, 0x00000000bc2c0000, 0x00000000c0000000)
  object space 21248K, 27% used [0x00000000bae00000,0x00000000bb3c0fc0,0x00000000bc2c0000)
Event: 2.390 GC heap after
Heap after GC invocations=1 (full 0):
 PSYoungGen      total 37248K, used 5296K [0x00000000eaab0000, 0x00000000ef370000, 0x0000000100000000)
  eden space 31936K, 0% used [0x00000000eaab0000,0x00000000eaab0000,0x00000000ec9e0000)
  from space 5312K, 99% used [0x00000000ec9e0000,0x00000000ecf0c370,0x00000000ecf10000)
  to   space 5312K, 0% used [0x00000000eee40000,0x00000000eee40000,0x00000000ef370000)
 ParOldGen       total 85248K, used 1238K [0x00000000c0000000, 0x00000000c5340000, 0x00000000eaab0000)
  object space 85248K, 1% used [0x00000000c0000000,0x00000000c0135ac0,0x00000000c5340000)
 PSPermGen       total 21248K, used 5891K [0x00000000bae00000, 0x00000000bc2c0000, 0x00000000c0000000)
  object space 21248K, 27% used [0x00000000bae00000,0x00000000bb3c0fc0,0x00000000bc2c0000)
}
Event: 3.156 GC heap before
{Heap before GC invocations=2 (full 0):
 PSYoungGen      total 37248K, used 37232K [0x00000000eaab0000, 0x00000000ef370000, 0x0000000100000000)
  eden space 31936K, 100% used [0x00000000eaab0000,0x00000000ec9e0000,0x00000000ec9e0000)
  from space 5312K, 99% used [0x00000000ec9e0000,0x00000000ecf0c370,0x00000000ecf10000)
  to   space 5312K, 0% used [0x00000000eee40000,0x00000000eee40000,0x00000000ef370000)
 ParOldGen       total 85248K, used 1238K [0x00000000c0000000, 0x00000000c5340000, 0x00000000eaab0000)
  object space 85248K, 1% used [0x00000000c0000000,0x00000000c0135ac0,0x00000000c5340000)
 PSPermGen       total 21248K, used 5963K [0x00000000bae00000, 0x00000000bc2c0000, 0x00000000c0000000)
  object space 21248K, 28% used [0x00000000bae00000,0x00000000bb3d2fe0,0x00000000bc2c0000)
Event: 3.167 GC heap after
Heap after GC invocations=2 (full 0):
 PSYoungGen      total 69184K, used 5303K [0x00000000eaab0000, 0x00000000ef370000, 0x0000000100000000)
  eden space 63872K, 0% used [0x00000000eaab0000,0x00000000eaab0000,0x00000000ee910000)
  from space 5312K, 99% used [0x00000000eee40000,0x00000000ef36dda0,0x00000000ef370000)
  to   space 5312K, 0% used [0x00000000ee910000,0x00000000ee910000,0x00000000eee40000)
 ParOldGen       total 85248K, used 5363K [0x00000000c0000000, 0x00000000c5340000, 0x00000000eaab0000)
  object space 85248K, 6% used [0x00000000c0000000,0x00000000c053ced0,0x00000000c5340000)
 PSPermGen       total 21248K, used 5963K [0x00000000bae00000, 0x00000000bc2c0000, 0x00000000c0000000)
  object space 21248K, 28% used [0x00000000bae00000,0x00000000bb3d2fe0,0x00000000bc2c0000)
}

Deoptimization events (10 events):
Event: 3.031 Thread 0x000000000b18e000 Uncommon trap -58 fr.pc 0x0000000002cf0de4
Event: 3.034 Thread 0x000000000b18e000 Uncommon trap -58 fr.pc 0x0000000002d55860
Event: 3.036 Thread 0x000000000b18e000 Uncommon trap -58 fr.pc 0x0000000002cf0de4
Event: 3.040 Thread 0x000000000b18e000 Uncommon trap -58 fr.pc 0x0000000002d55860
Event: 3.041 Thread 0x000000000b18e000 Uncommon trap -58 fr.pc 0x0000000002d55860
Event: 3.078 Thread 0x000000000b18e000 Uncommon trap -75 fr.pc 0x0000000002d47cc0
Event: 3.080 Thread 0x000000000b18e000 Uncommon trap -58 fr.pc 0x0000000002d55860
Event: 3.081 Thread 0x000000000b18e000 Uncommon trap -83 fr.pc 0x0000000002d46780
Event: 3.084 Thread 0x000000000b18e000 Uncommon trap -83 fr.pc 0x0000000002d50d74
Event: 3.084 Thread 0x000000000b18e000 Uncommon trap -83 fr.pc 0x0000000002d24978

Internal exceptions (10 events):
Event: 1.494 Thread 0x000000000b18e000 Threw 0x00000000eb8676c8 at C:\jdk7u2_64p\jdk7u21\hotspot\src\share\vm\prims\jvm.cpp:1166
Event: 1.494 Thread 0x000000000b18e000 Threw 0x00000000eb86ccc0 at C:\jdk7u2_64p\jdk7u21\hotspot\src\share\vm\prims\jvm.cpp:1166
Event: 1.503 Thread 0x000000000b18e000 Threw 0x00000000eb9f10c0 at C:\jdk7u2_64p\jdk7u21\hotspot\src\share\vm\prims\jvm.cpp:1166
Event: 1.610 Thread 0x000000000b1b9000 Threw 0x00000000ebca76a8 at C:\jdk7u2_64p\jdk7u21\hotspot\src\share\vm\prims\jvm.cpp:1166
Event: 1.659 Thread 0x000000000016d000 Threw 0x00000000ebc28b98 at C:\jdk7u2_64p\jdk7u21\hotspot\src\share\vm\prims\jvm.cpp:1166
Event: 1.831 Thread 0x000000000016d000 Threw 0x00000000ec0f4c20 at C:\jdk7u2_64p\jdk7u21\hotspot\src\share\vm\prims\jvm.cpp:1166
Event: 1.833 Thread 0x000000000b1b9000 Implicit null exception at 0x0000000002cdb00b to 0x0000000002cdc30d
Event: 1.893 Thread 0x000000000b1b9000 Implicit null exception at 0x0000000002ceead2 to 0x0000000002ceebc2
Event: 2.034 Thread 0x000000000016d000 Implicit null exception at 0x0000000002d16a13 to 0x0000000002d170ed
Event: 3.079 Thread 0x000000000b18e000 Threw 0x00000000ebfe0158 at C:\jdk7u2_64p\jdk7u21\hotspot\src\share\vm\prims\jvm.cpp:1166

Events (10 events):
Event: 3.081 loading class 0x00000000028d93a0
Event: 3.081 loading class 0x00000000028d93a0 done
Event: 3.081 loading class 0x00000000028dca00
Event: 3.081 loading class 0x00000000028dca00 done
Event: 3.084 Thread 0x000000000b18e000 DEOPT PACKING pc=0x0000000002d50d74 sp=0x000000000ba5e600
Event: 3.084 Thread 0x000000000b18e000 DEOPT UNPACKING pc=0x0000000002c79164 sp=0x000000000ba5e568 mode 2
Event: 3.084 Thread 0x000000000b18e000 DEOPT PACKING pc=0x0000000002d24978 sp=0x000000000ba5e5a0
Event: 3.084 Thread 0x000000000b18e000 DEOPT UNPACKING pc=0x0000000002c79164 sp=0x000000000ba5e560 mode 2
Event: 3.156 Executing VM operation: ParallelGCFailedAllocation
Event: 3.167 Executing VM operation: ParallelGCFailedAllocation done


Dynamic libraries:
0x000000013f540000 - 0x000000013f573000 	D:\Users\work\jdk7\bin\java.exe
0x0000000076d00000 - 0x0000000076ea9000 	C:\Windows\SYSTEM32\ntdll.dll
0x0000000076600000 - 0x000000007671f000 	C:\Windows\system32\kernel32.dll
0x000007fefd4c0000 - 0x000007fefd52c000 	C:\Windows\system32\KERNELBASE.dll
0x000007fefd660000 - 0x000007fefd73b000 	C:\Windows\system32\ADVAPI32.dll
0x000007fefd5c0000 - 0x000007fefd65f000 	C:\Windows\system32\msvcrt.dll
0x000007fefe770000 - 0x000007fefe78f000 	C:\Windows\SYSTEM32\sechost.dll
0x000007fefec30000 - 0x000007fefed5d000 	C:\Windows\system32\RPCRT4.dll
0x0000000076c00000 - 0x0000000076cfa000 	C:\Windows\system32\USER32.dll
0x000007fefd790000 - 0x000007fefd7f7000 	C:\Windows\system32\GDI32.dll
0x000007fefd530000 - 0x000007fefd53e000 	C:\Windows\system32\LPK.dll
0x000007fefe980000 - 0x000007fefea4a000 	C:\Windows\system32\USP10.dll
0x000007fefb880000 - 0x000007fefba74000 	C:\Windows\WinSxS\amd64_microsoft.windows.common-controls_6595b64144ccf1df_6.0.7601.17514_none_fa396087175ac9ac\COMCTL32.dll
0x000007fefd540000 - 0x000007fefd5b1000 	C:\Windows\system32\SHLWAPI.dll
0x000007fefd030000 - 0x000007fefd087000 	C:\Windows\system32\apphelp.dll
0x000007fefa850000 - 0x000007fefa8a1000 	C:\Windows\AppPatch\AppPatch64\AcGenral.DLL
0x000007fefcfd0000 - 0x000007fefcff5000 	C:\Windows\system32\SspiCli.dll
0x000007fefede0000 - 0x000007fefefe3000 	C:\Windows\system32\ole32.dll
0x000007fefd800000 - 0x000007fefe589000 	C:\Windows\system32\SHELL32.dll
0x0000000072700000 - 0x0000000072703000 	C:\Windows\system32\sfc.dll
0x000007fef9040000 - 0x000007fef9050000 	C:\Windows\system32\sfc_os.DLL
0x000007fefc4a0000 - 0x000007fefc4be000 	C:\Windows\system32\USERENV.dll
0x000007fefd160000 - 0x000007fefd16f000 	C:\Windows\system32\profapi.dll
0x000007fefae40000 - 0x000007fefae58000 	C:\Windows\system32\dwmapi.dll
0x000007fefb810000 - 0x000007fefb828000 	C:\Windows\system32\MPR.dll
0x000007fefe600000 - 0x000007fefe62e000 	C:\Windows\system32\IMM32.DLL
0x000007fefe790000 - 0x000007fefe899000 	C:\Windows\system32\MSCTF.dll
0x00000000710b0000 - 0x0000000071181000 	D:\Users\work\jdk7\jre\bin\msvcr100.dll
0x0000000064ca0000 - 0x00000000653c1000 	D:\Users\work\jdk7\jre\bin\server\jvm.dll
0x000007fefb420000 - 0x000007fefb429000 	C:\Windows\system32\WSOCK32.dll
0x000007fefd740000 - 0x000007fefd78d000 	C:\Windows\system32\WS2_32.dll
0x000007fefe590000 - 0x000007fefe598000 	C:\Windows\system32\NSI.dll
0x000007fefaef0000 - 0x000007fefaf2b000 	C:\Windows\system32\WINMM.dll
0x0000000076ed0000 - 0x0000000076ed7000 	C:\Windows\system32\PSAPI.DLL
0x0000000071270000 - 0x000000007127f000 	D:\Users\work\jdk7\jre\bin\verify.dll
0x000000006b100000 - 0x000000006b128000 	D:\Users\work\jdk7\jre\bin\java.dll
0x000000006f270000 - 0x000000006f285000 	D:\Users\work\jdk7\jre\bin\zip.dll
0x000000006e640000 - 0x000000006e659000 	D:\Users\work\jdk7\jre\bin\net.dll
0x000007fefc9d0000 - 0x000007fefca25000 	C:\Windows\system32\mswsock.dll
0x000007fefc9c0000 - 0x000007fefc9c7000 	C:\Windows\System32\wship6.dll
0x000000006e010000 - 0x000000006e021000 	D:\Users\work\jdk7\jre\bin\nio.dll

VM Arguments:
jvm_args: -Xmx1024M -Dfile.encoding=GBK -Duser.country=CN -Duser.language=zh -Duser.variant 
java_command: com.android.dx.command.Main --dex --num-threads=4 --output D:\Users\work\android\project\iweibo\app\build\intermediates\pre-dexed\debug\classes-61a4cd68ac442c261e411ae524342bac307a19f8.jar D:\Users\work\android\project\iweibo\app\build\intermediates\exploded-aar\com.android.support\design\23.1.1\jars\classes.jar
Launcher Type: SUN_STANDARD

Environment Variables:
JAVA_HOME=D:\Users\work\jdk7
PATH=4.94066E-324RADLE_HOME\bin;D:\Users\work\apache-ant-1.9.6\bin;D:\Users\work\oracle\app\product\11.2.0\dbhome_1\bin;D:\Users\work\android\android-sdk-windows\tools;JAVA_HOME\bin;C:\Program Files (x86)\Intel\iCLS Client\;C:\Program Files\Intel\iCLS Client\;C:\Windows\system32;C:\Windows;C:\Windows\System32\Wbem;C:\Windows\System32\WindowsPowerShell\v1.0\;C:\Program Files\Intel\Intel(R) Management Engine Components\DAL;C:\Program Files\Intel\Intel(R) Management Engine Components\IPT;C:\Program Files (x86)\Intel\Intel(R) Management Engine Components\DAL;C:\Program Files (x86)\Intel\Intel(R) Management Engine Components\IPT;C:\Program Files (x86)\Intel\OpenCL SDK\2.0\bin\x86;C:\Program Files (x86)\Intel\OpenCL SDK\2.0\bin\x64;C:\Program Files\TortoiseGit\bin;D:\Users\work\android\gradle-2.8-all\gradle-2.8\bin;D:\Users\work\maven\apache-maven-3.3.3\bin;D:\Users\work\jdk7\bin;D:\Users\work\android\android-sdk-windows\tools;D:\Users\work\android\android-sdk-windows\platform-tools;C:\Program Files (x86)\SSH Communications Security\SSH Secure Shell;C:\Program Files (x86)\IDM Computer Solutions\UltraEdit\
USERNAME=wang.weib
OS=Windows_NT
PROCESSOR_IDENTIFIER=Intel64 Family 6 Model 58 Stepping 9, GenuineIntel



---------------  S Y S T E M  ---------------

OS: Windows 7 , 64 bit Build 7601 Service Pack 1

CPU:total 4 (4 cores per cpu, 1 threads per core) family 6 model 58 stepping 9, cmov, cx8, fxsr, mmx, sse, sse2, sse3, ssse3, sse4.1, sse4.2, popcnt, avx, tsc, tscinvbit, tscinv

Memory: 4k page, physical 8179644k(1013740k free), swap 10274960k(4768k free)

vm_info: Java HotSpot(TM) 64-Bit Server VM (23.21-b01) for windows-amd64 JRE (1.7.0_21-b11), built on Apr  4 2013 08:11:28 by "java_re" with unknown MS VC++:1600

time: Thu Jan 28 18:16:16 2016
elapsed time: 3 seconds

